<?xml version="1.0" encoding="utf-8"?><testsuites name="pytest tests"><testsuite name="pytest" errors="0" failures="0" skipped="0" tests="12" time="47.990" timestamp="2026-02-15T23:32:33.314076+00:00" hostname="agent-env-df83375d-de1a-47e9-bfe8-8e64f9d63507"><testcase classname="backend.tests.test_help_assistant.TestHelpAssistantHealth" name="test_api_health" time="0.322" /><testcase classname="backend.tests.test_help_assistant.TestHelpAssistantStats" name="test_get_stats" time="0.137" /><testcase classname="backend.tests.test_help_assistant.TestHelpAssistantAnalytics" name="test_get_analytics" time="0.147" /><testcase classname="backend.tests.test_help_assistant.TestHelpAssistantChat" name="test_chat_creates_new_session" time="3.420" /><testcase classname="backend.tests.test_help_assistant.TestHelpAssistantChat" name="test_chat_continues_session" time="9.814" /><testcase classname="backend.tests.test_help_assistant.TestHelpAssistantSessionHistory" name="test_get_session_history" time="6.513" /><testcase classname="backend.tests.test_help_assistant.TestHelpAssistantSessionHistory" name="test_get_nonexistent_session_history" time="0.243" /><testcase classname="backend.tests.test_help_assistant.TestHelpAssistantFeedback" name="test_submit_helpful_feedback" time="6.272" /><testcase classname="backend.tests.test_help_assistant.TestHelpAssistantFeedback" name="test_submit_not_helpful_feedback" time="8.528" /><testcase classname="backend.tests.test_help_assistant.TestHelpAssistantFeedback" name="test_feedback_updates_analytics" time="4.227" /><testcase classname="backend.tests.test_help_assistant.TestHelpAssistantReset" name="test_reset_session" time="4.979" /><testcase classname="backend.tests.test_help_assistant.TestHelpAssistantMongoDBPersistence" name="test_data_persists_across_requests" time="3.315" /></testsuite></testsuites>