<?xml version="1.0" encoding="utf-8"?><testsuites name="pytest tests"><testsuite name="pytest" errors="0" failures="0" skipped="0" tests="10" time="3.887" timestamp="2026-02-12T20:17:14.708870+00:00" hostname="agent-env-5a781786-2791-487a-b059-2902f37185a8"><testcase classname="backend.tests.test_message_templates.TestMessageTemplatesAPI" name="test_list_templates_returns_system_templates" time="0.400" /><testcase classname="backend.tests.test_message_templates.TestMessageTemplatesAPI" name="test_list_templates_filter_by_type" time="0.304" /><testcase classname="backend.tests.test_message_templates.TestMessageTemplatesAPI" name="test_create_user_template" time="0.347" /><testcase classname="backend.tests.test_message_templates.TestMessageTemplatesAPI" name="test_create_email_template_with_subject" time="0.391" /><testcase classname="backend.tests.test_message_templates.TestMessageTemplatesAPI" name="test_create_template_validation" time="0.385" /><testcase classname="backend.tests.test_message_templates.TestMessageTemplatesAPI" name="test_update_user_template" time="0.434" /><testcase classname="backend.tests.test_message_templates.TestMessageTemplatesAPI" name="test_cannot_update_system_template" time="0.384" /><testcase classname="backend.tests.test_message_templates.TestMessageTemplatesAPI" name="test_delete_user_template" time="0.387" /><testcase classname="backend.tests.test_message_templates.TestMessageTemplatesAPI" name="test_cannot_delete_system_template" time="0.390" /><testcase classname="backend.tests.test_message_templates.TestMessageTemplatesAPI" name="test_template_variables_in_body" time="0.362" /></testsuite></testsuites>